# JRE version: OpenJDK Runtime Environment (11.0.13) (build 11.0.13+0-b1751.21-8125866)
# Java VM: OpenJDK 64-Bit Server VM (11.0.13+0-b1751.21-8125866, mixed mode, tiered, compressed oops, g1 gc, windows-amd64)
Heap:
 garbage-first heap   total 260096K, used 201037K [0x00000000c0000000, 0x0000000100000000)
  region size 1024K, 28 young (28672K), 4 survivors (4096K)
 Metaspace       used 126203K, capacity 129877K, committed 129964K, reserved 1163264K
  class space    used 15848K, capacity 17132K, committed 17152K, reserved 1048576K
GC Heap History (20 events):
Event: 50.104 GC heap before
{Heap before GC invocations=35 (full 0):
 garbage-first heap   total 260096K, used 216900K [0x00000000c0000000, 0x0000000100000000)
  region size 1024K, 52 young (53248K), 1 survivors (1024K)
 Metaspace       used 123055K, capacity 126471K, committed 126764K, reserved 1159168K
  class space    used 15443K, capacity 16674K, committed 16768K, reserved 1048576K
}
Event: 50.108 GC heap after
{Heap after GC invocations=36 (full 0):
 garbage-first heap   total 260096K, used 171025K [0x00000000c0000000, 0x0000000100000000)
  region size 1024K, 6 young (6144K), 6 survivors (6144K)
 Metaspace       used 123055K, capacity 126471K, committed 126764K, reserved 1159168K
  class space    used 15443K, capacity 16674K, committed 16768K, reserved 1048576K
}
Event: 51.406 GC heap before
{Heap before GC invocations=36 (full 0):
 garbage-first heap   total 260096K, used 228369K [0x00000000c0000000, 0x0000000100000000)
  region size 1024K, 52 young (53248K), 6 survivors (6144K)
 Metaspace       used 125315K, capacity 128928K, committed 129196K, reserved 1161216K
  class space    used 15807K, capacity 17107K, committed 17152K, reserved 1048576K
}
Event: 51.414 GC heap after
{Heap after GC invocations=37 (full 0):
 garbage-first heap   total 260096K, used 177147K [0x00000000c0000000, 0x0000000100000000)
  region size 1024K, 3 young (3072K), 3 survivors (3072K)
 Metaspace       used 125315K, capacity 128928K, committed 129196K, reserved 1161216K
  class space    used 15807K, capacity 17107K, committed 17152K, reserved 1048576K
}
Event: 57.226 GC heap before
{Heap before GC invocations=38 (full 0):
 garbage-first heap   total 260096K, used 230395K [0x00000000c0000000, 0x0000000100000000)
  region size 1024K, 46 young (47104K), 3 survivors (3072K)
 Metaspace       used 125795K, capacity 129361K, committed 129452K, reserved 1161216K
  class space    used 15833K, capacity 17107K, committed 17152K, reserved 1048576K
}
Event: 57.234 GC heap after
{Heap after GC invocations=39 (full 0):
 garbage-first heap   total 260096K, used 173407K [0x00000000c0000000, 0x0000000100000000)
  region size 1024K, 6 young (6144K), 6 survivors (6144K)
 Metaspace       used 125795K, capacity 129361K, committed 129452K, reserved 1161216K
  class space    used 15833K, capacity 17107K, committed 17152K, reserved 1048576K
}
Event: 57.263 GC heap before
{Heap before GC invocations=39 (full 0):
 garbage-first heap   total 260096K, used 178527K [0x00000000c0000000, 0x0000000100000000)
  region size 1024K, 12 young (12288K), 6 survivors (6144K)
 Metaspace       used 125795K, capacity 129361K, committed 129452K, reserved 1161216K
  class space    used 15833K, capacity 17107K, committed 17152K, reserved 1048576K
}
Event: 57.273 GC heap after
{Heap after GC invocations=40 (full 0):
 garbage-first heap   total 260096K, used 166045K [0x00000000c0000000, 0x0000000100000000)
  region size 1024K, 1 young (1024K), 1 survivors (1024K)
 Metaspace       used 125795K, capacity 129361K, committed 129452K, reserved 1161216K
  class space    used 15833K, capacity 17107K, committed 17152K, reserved 1048576K
}
Event: 57.606 GC heap before
{Heap before GC invocations=40 (full 0):
 garbage-first heap   total 260096K, used 216221K [0x00000000c0000000, 0x0000000100000000)
  region size 1024K, 51 young (52224K), 1 survivors (1024K)
 Metaspace       used 125813K, capacity 129361K, committed 129452K, reserved 1161216K
  class space    used 15833K, capacity 17107K, committed 17152K, reserved 1048576K
}
Event: 57.614 GC heap after
{Heap after GC invocations=41 (full 0):
 garbage-first heap   total 260096K, used 168588K [0x00000000c0000000, 0x0000000100000000)
  region size 1024K, 4 young (4096K), 4 survivors (4096K)
 Metaspace       used 125813K, capacity 129361K, committed 129452K, reserved 1161216K
  class space    used 15833K, capacity 17107K, committed 17152K, reserved 1048576K
}
Event: 57.884 GC heap before
{Heap before GC invocations=41 (full 0):
 garbage-first heap   total 260096K, used 217740K [0x00000000c0000000, 0x0000000100000000)
  region size 1024K, 53 young (54272K), 4 survivors (4096K)
 Metaspace       used 125844K, capacity 129365K, committed 129452K, reserved 1161216K
  class space    used 15834K, capacity 17107K, committed 17152K, reserved 1048576K
}
Event: 57.890 GC heap after
{Heap after GC invocations=42 (full 0):
 garbage-first heap   total 260096K, used 171048K [0x00000000c0000000, 0x0000000100000000)
  region size 1024K, 6 young (6144K), 6 survivors (6144K)
 Metaspace       used 125844K, capacity 129365K, committed 129452K, reserved 1161216K
  class space    used 15834K, capacity 17107K, committed 17152K, reserved 1048576K
}
Event: 58.077 GC heap before
{Heap before GC invocations=42 (full 0):
 garbage-first heap   total 260096K, used 219176K [0x00000000c0000000, 0x0000000100000000)
  region size 1024K, 54 young (55296K), 6 survivors (6144K)
 Metaspace       used 125849K, capacity 129365K, committed 129452K, reserved 1161216K
  class space    used 15834K, capacity 17107K, committed 17152K, reserved 1048576K
}
Event: 58.083 GC heap after
{Heap after GC invocations=43 (full 0):
 garbage-first heap   total 260096K, used 172339K [0x00000000c0000000, 0x0000000100000000)
  region size 1024K, 4 young (4096K), 4 survivors (4096K)
 Metaspace       used 125849K, capacity 129365K, committed 129452K, reserved 1161216K
  class space    used 15834K, capacity 17107K, committed 17152K, reserved 1048576K
}
Event: 121.157 GC heap before
{Heap before GC invocations=43 (full 0):
 garbage-first heap   total 260096K, used 219443K [0x00000000c0000000, 0x0000000100000000)
  region size 1024K, 51 young (52224K), 4 survivors (4096K)
 Metaspace       used 126011K, capacity 129605K, committed 129708K, reserved 1161216K
  class space    used 15838K, capacity 17116K, committed 17152K, reserved 1048576K
}
Event: 121.160 GC heap after
{Heap after GC invocations=44 (full 0):
 garbage-first heap   total 260096K, used 173571K [0x00000000c0000000, 0x0000000100000000)
  region size 1024K, 5 young (5120K), 5 survivors (5120K)
 Metaspace       used 126011K, capacity 129605K, committed 129708K, reserved 1161216K
  class space    used 15838K, capacity 17116K, committed 17152K, reserved 1048576K
}
Event: 121.647 GC heap before
{Heap before GC invocations=44 (full 0):
 garbage-first heap   total 260096K, used 220675K [0x00000000c0000000, 0x0000000100000000)
  region size 1024K, 52 young (53248K), 5 survivors (5120K)
 Metaspace       used 126166K, capacity 129725K, committed 129964K, reserved 1163264K
  class space    used 15843K, capacity 17125K, committed 17152K, reserved 1048576K
}
Event: 121.653 GC heap after
{Heap after GC invocations=45 (full 0):
 garbage-first heap   total 260096K, used 177016K [0x00000000c0000000, 0x0000000100000000)
  region size 1024K, 7 young (7168K), 7 survivors (7168K)
 Metaspace       used 126166K, capacity 129725K, committed 129964K, reserved 1163264K
  class space    used 15843K, capacity 17125K, committed 17152K, reserved 1048576K
}
Event: 121.882 GC heap before
{Heap before GC invocations=45 (full 0):
 garbage-first heap   total 260096K, used 221048K [0x00000000c0000000, 0x0000000100000000)
  region size 1024K, 51 young (52224K), 7 survivors (7168K)
 Metaspace       used 126193K, capacity 129807K, committed 129964K, reserved 1163264K
  class space    used 15847K, capacity 17131K, committed 17152K, reserved 1048576K
}
Event: 121.887 GC heap after
{Heap after GC invocations=46 (full 0):
 garbage-first heap   total 260096K, used 178509K [0x00000000c0000000, 0x0000000100000000)
  region size 1024K, 4 young (4096K), 4 survivors (4096K)
 Metaspace       used 126193K, capacity 129807K, committed 129964K, reserved 1163264K
  class space    used 15847K, capacity 17131K, committed 17152K, reserved 1048576K
}

