# JRE version: OpenJDK Runtime Environment (11.0.13) (build 11.0.13+0-b1751.21-8125866)
# Java VM: OpenJDK 64-Bit Server VM (11.0.13+0-b1751.21-8125866, mixed mode, tiered, compressed oops, g1 gc, windows-amd64)
Heap:
 garbage-first heap   total 260096K, used 142801K [0x0000000080000000, 0x0000000100000000)
  region size 1024K, 100 young (102400K), 11 survivors (11264K)
 Metaspace       used 48335K, capacity 49689K, committed 49836K, reserved 1095680K
  class space    used 6147K, capacity 6606K, committed 6656K, reserved 1048576K
GC Heap History (10 events):
Event: 0.874 GC heap before
{Heap before GC invocations=0 (full 0):
 garbage-first heap   total 260096K, used 29696K [0x0000000080000000, 0x0000000100000000)
  region size 1024K, 24 young (24576K), 0 survivors (0K)
 Metaspace       used 10442K, capacity 10660K, committed 10880K, reserved 1058816K
  class space    used 1084K, capacity 1132K, committed 1152K, reserved 1048576K
}
Event: 0.878 GC heap after
{Heap after GC invocations=1 (full 0):
 garbage-first heap   total 260096K, used 8559K [0x0000000080000000, 0x0000000100000000)
  region size 1024K, 3 young (3072K), 3 survivors (3072K)
 Metaspace       used 10442K, capacity 10660K, committed 10880K, reserved 1058816K
  class space    used 1084K, capacity 1132K, committed 1152K, reserved 1048576K
}
Event: 3.355 GC heap before
{Heap before GC invocations=1 (full 0):
 garbage-first heap   total 260096K, used 88431K [0x0000000080000000, 0x0000000100000000)
  region size 1024K, 82 young (83968K), 3 survivors (3072K)
 Metaspace       used 20643K, capacity 21107K, committed 21248K, reserved 1069056K
  class space    used 2395K, capacity 2553K, committed 2560K, reserved 1048576K
}
Event: 3.364 GC heap after
{Heap after GC invocations=2 (full 0):
 garbage-first heap   total 260096K, used 15597K [0x0000000080000000, 0x0000000100000000)
  region size 1024K, 10 young (10240K), 10 survivors (10240K)
 Metaspace       used 20643K, capacity 21107K, committed 21248K, reserved 1069056K
  class space    used 2395K, capacity 2553K, committed 2560K, reserved 1048576K
}
Event: 4.240 GC heap before
{Heap before GC invocations=3 (full 0):
 garbage-first heap   total 260096K, used 82157K [0x0000000080000000, 0x0000000100000000)
  region size 1024K, 62 young (63488K), 10 survivors (10240K)
 Metaspace       used 26181K, capacity 26927K, committed 27136K, reserved 1073152K
  class space    used 3291K, capacity 3542K, committed 3584K, reserved 1048576K
}
Event: 4.248 GC heap after
{Heap after GC invocations=4 (full 0):
 garbage-first heap   total 260096K, used 36040K [0x0000000080000000, 0x0000000100000000)
  region size 1024K, 7 young (7168K), 7 survivors (7168K)
 Metaspace       used 26181K, capacity 26927K, committed 27136K, reserved 1073152K
  class space    used 3291K, capacity 3542K, committed 3584K, reserved 1048576K
}
Event: 5.172 GC heap before
{Heap before GC invocations=4 (full 0):
 garbage-first heap   total 260096K, used 86216K [0x0000000080000000, 0x0000000100000000)
  region size 1024K, 57 young (58368K), 7 survivors (7168K)
 Metaspace       used 34637K, capacity 35447K, committed 35628K, reserved 1081344K
  class space    used 4367K, capacity 4653K, committed 4736K, reserved 1048576K
}
Event: 5.181 GC heap after
{Heap after GC invocations=5 (full 0):
 garbage-first heap   total 260096K, used 38981K [0x0000000080000000, 0x0000000100000000)
  region size 1024K, 10 young (10240K), 10 survivors (10240K)
 Metaspace       used 34637K, capacity 35447K, committed 35628K, reserved 1081344K
  class space    used 4367K, capacity 4653K, committed 4736K, reserved 1048576K
}
Event: 6.688 GC heap before
{Heap before GC invocations=6 (full 0):
 garbage-first heap   total 260096K, used 139333K [0x0000000080000000, 0x0000000100000000)
  region size 1024K, 102 young (104448K), 10 survivors (10240K)
 Metaspace       used 43451K, capacity 44569K, committed 44716K, reserved 1087488K
  class space    used 5483K, capacity 5866K, committed 5888K, reserved 1048576K
}
Event: 6.697 GC heap after
{Heap after GC invocations=7 (full 0):
 garbage-first heap   total 260096K, used 50641K [0x0000000080000000, 0x0000000100000000)
  region size 1024K, 11 young (11264K), 11 survivors (11264K)
 Metaspace       used 43451K, capacity 44569K, committed 44716K, reserved 1087488K
  class space    used 5483K, capacity 5866K, committed 5888K, reserved 1048576K
}

